This file contains any messages produced by compilers while
running configure, to aid debugging if configure makes a mistake.

It was created by DarkStarProject configure 6118326ba85983aba2dc1ade6e039a250e77ef05, which was
generated by GNU Autoconf 2.69.  Invocation command line was

  $ ./configure --enable-debug=gdb

## --------- ##
## Platform. ##
## --------- ##

hostname = ffxi-trusts
uname -m = i686
uname -r = 4.4.0-98-generic
uname -s = Linux
uname -v = #121-Ubuntu SMP Tue Oct 10 14:23:20 UTC 2017

/usr/bin/uname -p = unknown
/bin/uname -X     = unknown

/bin/arch              = unknown
/usr/bin/arch -k       = unknown
/usr/convex/getsysinfo = unknown
/usr/bin/hostinfo      = unknown
/bin/machine           = unknown
/usr/bin/oslevel       = unknown
/bin/universe          = unknown

PATH: /usr/local/sbin
PATH: /usr/local/bin
PATH: /usr/sbin
PATH: /usr/bin
PATH: /sbin
PATH: /bin
PATH: /usr/games
PATH: /usr/local/games
PATH: /snap/bin


## ----------- ##
## Core tests. ##
## ----------- ##

configure:2313: checking build system type
configure:2327: result: i686-pc-linux-gnu
configure:2347: checking host system type
configure:2360: result: i686-pc-linux-gnu
configure:2380: checking target system type
configure:2393: result: i686-pc-linux-gnu
configure:2436: checking for a BSD-compatible install
configure:2504: result: /usr/bin/install -c
configure:2515: checking whether build environment is sane
configure:2570: result: yes
configure:2721: checking for a thread-safe mkdir -p
configure:2760: result: /bin/mkdir -p
configure:2767: checking for gawk
configure:2783: found /usr/bin/gawk
configure:2794: result: gawk
configure:2805: checking whether make sets $(MAKE)
configure:2827: result: yes
configure:2856: checking whether make supports nested variables
configure:2873: result: yes
configure:3050: checking for gcc
configure:3066: found /usr/bin/gcc
configure:3077: result: gcc
configure:3306: checking for C compiler version
configure:3315: gcc --version >&5
gcc (Ubuntu 5.4.0-6ubuntu1~16.04.5) 5.4.0 20160609
Copyright (C) 2015 Free Software Foundation, Inc.
This is free software; see the source for copying conditions.  There is NO
warranty; not even for MERCHANTABILITY or FITNESS FOR A PARTICULAR PURPOSE.

configure:3326: $? = 0
configure:3315: gcc -v >&5
Using built-in specs.
COLLECT_GCC=gcc
COLLECT_LTO_WRAPPER=/usr/lib/gcc/i686-linux-gnu/5/lto-wrapper
Target: i686-linux-gnu
Configured with: ../src/configure -v --with-pkgversion='Ubuntu 5.4.0-6ubuntu1~16.04.5' --with-bugurl=file:///usr/share/doc/gcc-5/README.Bugs --enable-languages=c,ada,c++,java,go,d,fortran,objc,obj-c++ --prefix=/usr --program-suffix=-5 --enable-shared --enable-linker-build-id --libexecdir=/usr/lib --without-included-gettext --enable-threads=posix --libdir=/usr/lib --enable-nls --with-sysroot=/ --enable-clocale=gnu --enable-libstdcxx-debug --enable-libstdcxx-time=yes --with-default-libstdcxx-abi=new --enable-gnu-unique-object --disable-vtable-verify --enable-libmpx --enable-plugin --with-system-zlib --disable-browser-plugin --enable-java-awt=gtk --enable-gtk-cairo --with-java-home=/usr/lib/jvm/java-1.5.0-gcj-5-i386/jre --enable-java-home --with-jvm-root-dir=/usr/lib/jvm/java-1.5.0-gcj-5-i386 --with-jvm-jar-dir=/usr/lib/jvm-exports/java-1.5.0-gcj-5-i386 --with-arch-directory=i386 --with-ecj-jar=/usr/share/java/eclipse-ecj.jar --enable-objc-gc --enable-targets=all --enable-multiarch --disable-werror --with-arch-32=i686 --with-multilib-list=m32,m64,mx32 --enable-multilib --with-tune=generic --enable-checking=release --build=i686-linux-gnu --host=i686-linux-gnu --target=i686-linux-gnu
Thread model: posix
gcc version 5.4.0 20160609 (Ubuntu 5.4.0-6ubuntu1~16.04.5) 
configure:3326: $? = 0
configure:3315: gcc -V >&5
gcc: error: unrecognized command line option '-V'
gcc: fatal error: no input files
compilation terminated.
configure:3326: $? = 1
configure:3315: gcc -qversion >&5
gcc: error: unrecognized command line option '-qversion'
gcc: fatal error: no input files
compilation terminated.
configure:3326: $? = 1
configure:3346: checking whether the C compiler works
configure:3368: gcc    conftest.c  >&5
configure:3372: $? = 0
configure:3420: result: yes
configure:3423: checking for C compiler default output file name
configure:3425: result: a.out
configure:3431: checking for suffix of executables
configure:3438: gcc -o conftest    conftest.c  >&5
configure:3442: $? = 0
configure:3464: result: 
configure:3486: checking whether we are cross compiling
configure:3494: gcc -o conftest    conftest.c  >&5
configure:3498: $? = 0
configure:3505: ./conftest
configure:3509: $? = 0
configure:3524: result: no
configure:3529: checking for suffix of object files
configure:3551: gcc -c   conftest.c >&5
configure:3555: $? = 0
configure:3576: result: o
configure:3580: checking whether we are using the GNU C compiler
configure:3599: gcc -c   conftest.c >&5
configure:3599: $? = 0
configure:3608: result: yes
configure:3617: checking whether gcc accepts -g
configure:3637: gcc -c -g  conftest.c >&5
configure:3637: $? = 0
configure:3678: result: yes
configure:3695: checking for gcc option to accept ISO C89
configure:3758: gcc  -c -g -O2  conftest.c >&5
configure:3758: $? = 0
configure:3771: result: none needed
configure:3796: checking whether gcc understands -c and -o together
configure:3818: gcc -c conftest.c -o conftest2.o
configure:3821: $? = 0
configure:3818: gcc -c conftest.c -o conftest2.o
configure:3821: $? = 0
configure:3833: result: yes
configure:3861: checking for style of include used by make
configure:3889: result: GNU
configure:3915: checking dependency style of gcc
configure:4026: result: gcc3
configure:4099: checking for g++
configure:4115: found /usr/bin/g++
configure:4126: result: g++
configure:4153: checking for C++ compiler version
configure:4162: g++ --version >&5
g++ (Ubuntu 5.4.0-6ubuntu1~16.04.5) 5.4.0 20160609
Copyright (C) 2015 Free Software Foundation, Inc.
This is free software; see the source for copying conditions.  There is NO
warranty; not even for MERCHANTABILITY or FITNESS FOR A PARTICULAR PURPOSE.

configure:4173: $? = 0
configure:4162: g++ -v >&5
Using built-in specs.
COLLECT_GCC=g++
COLLECT_LTO_WRAPPER=/usr/lib/gcc/i686-linux-gnu/5/lto-wrapper
Target: i686-linux-gnu
Configured with: ../src/configure -v --with-pkgversion='Ubuntu 5.4.0-6ubuntu1~16.04.5' --with-bugurl=file:///usr/share/doc/gcc-5/README.Bugs --enable-languages=c,ada,c++,java,go,d,fortran,objc,obj-c++ --prefix=/usr --program-suffix=-5 --enable-shared --enable-linker-build-id --libexecdir=/usr/lib --without-included-gettext --enable-threads=posix --libdir=/usr/lib --enable-nls --with-sysroot=/ --enable-clocale=gnu --enable-libstdcxx-debug --enable-libstdcxx-time=yes --with-default-libstdcxx-abi=new --enable-gnu-unique-object --disable-vtable-verify --enable-libmpx --enable-plugin --with-system-zlib --disable-browser-plugin --enable-java-awt=gtk --enable-gtk-cairo --with-java-home=/usr/lib/jvm/java-1.5.0-gcj-5-i386/jre --enable-java-home --with-jvm-root-dir=/usr/lib/jvm/java-1.5.0-gcj-5-i386 --with-jvm-jar-dir=/usr/lib/jvm-exports/java-1.5.0-gcj-5-i386 --with-arch-directory=i386 --with-ecj-jar=/usr/share/java/eclipse-ecj.jar --enable-objc-gc --enable-targets=all --enable-multiarch --disable-werror --with-arch-32=i686 --with-multilib-list=m32,m64,mx32 --enable-multilib --with-tune=generic --enable-checking=release --build=i686-linux-gnu --host=i686-linux-gnu --target=i686-linux-gnu
Thread model: posix
gcc version 5.4.0 20160609 (Ubuntu 5.4.0-6ubuntu1~16.04.5) 
configure:4173: $? = 0
configure:4162: g++ -V >&5
g++: error: unrecognized command line option '-V'
g++: fatal error: no input files
compilation terminated.
configure:4173: $? = 1
configure:4162: g++ -qversion >&5
g++: error: unrecognized command line option '-qversion'
g++: fatal error: no input files
compilation terminated.
configure:4173: $? = 1
configure:4177: checking whether we are using the GNU C++ compiler
configure:4196: g++ -c   conftest.cpp >&5
configure:4196: $? = 0
configure:4205: result: yes
configure:4214: checking whether g++ accepts -g
configure:4234: g++ -c -g  conftest.cpp >&5
configure:4234: $? = 0
configure:4275: result: yes
configure:4300: checking dependency style of g++
configure:4411: result: gcc3
configure:4431: checking how to run the C++ preprocessor
configure:4458: g++ -E  conftest.cpp
configure:4458: $? = 0
configure:4472: g++ -E  conftest.cpp
conftest.cpp:11:28: fatal error: ac_nonexistent.h: No such file or directory
compilation terminated.
configure:4472: $? = 1
configure: failed program was:
| /* confdefs.h */
| #define PACKAGE_NAME "DarkStarProject"
| #define PACKAGE_TARNAME "darkstarproject"
| #define PACKAGE_VERSION "6118326ba85983aba2dc1ade6e039a250e77ef05"
| #define PACKAGE_STRING "DarkStarProject 6118326ba85983aba2dc1ade6e039a250e77ef05"
| #define PACKAGE_BUGREPORT ""
| #define PACKAGE_URL ""
| #define PACKAGE "DarkStar"
| #define VERSION "git"
| /* end confdefs.h.  */
| #include <ac_nonexistent.h>
configure:4497: result: g++ -E
configure:4517: g++ -E  conftest.cpp
configure:4517: $? = 0
configure:4531: g++ -E  conftest.cpp
conftest.cpp:11:28: fatal error: ac_nonexistent.h: No such file or directory
compilation terminated.
configure:4531: $? = 1
configure: failed program was:
| /* confdefs.h */
| #define PACKAGE_NAME "DarkStarProject"
| #define PACKAGE_TARNAME "darkstarproject"
| #define PACKAGE_VERSION "6118326ba85983aba2dc1ade6e039a250e77ef05"
| #define PACKAGE_STRING "DarkStarProject 6118326ba85983aba2dc1ade6e039a250e77ef05"
| #define PACKAGE_BUGREPORT ""
| #define PACKAGE_URL ""
| #define PACKAGE "DarkStar"
| #define VERSION "git"
| /* end confdefs.h.  */
| #include <ac_nonexistent.h>
configure:4567: checking for grep that handles long lines and -e
configure:4625: result: /bin/grep
configure:4630: checking for egrep
configure:4692: result: /bin/grep -E
configure:4697: checking for ANSI C header files
configure:4717: g++ -c -g -O2  conftest.cpp >&5
configure:4717: $? = 0
configure:4790: g++ -o conftest -g -O2   conftest.cpp  >&5
configure:4790: $? = 0
configure:4790: ./conftest
configure:4790: $? = 0
configure:4801: result: yes
configure:4820: checking for sys/types.h
configure:4820: g++ -c -g -O2  conftest.cpp >&5
configure:4820: $? = 0
configure:4820: result: yes
configure:4820: checking for sys/stat.h
configure:4820: g++ -c -g -O2  conftest.cpp >&5
configure:4820: $? = 0
configure:4820: result: yes
configure:4820: checking for stdlib.h
configure:4820: g++ -c -g -O2  conftest.cpp >&5
configure:4820: $? = 0
configure:4820: result: yes
configure:4820: checking for string.h
configure:4820: g++ -c -g -O2  conftest.cpp >&5
configure:4820: $? = 0
configure:4820: result: yes
configure:4820: checking for memory.h
configure:4820: g++ -c -g -O2  conftest.cpp >&5
configure:4820: $? = 0
configure:4820: result: yes
configure:4820: checking for strings.h
configure:4820: g++ -c -g -O2  conftest.cpp >&5
configure:4820: $? = 0
configure:4820: result: yes
configure:4820: checking for inttypes.h
configure:4820: g++ -c -g -O2  conftest.cpp >&5
configure:4820: $? = 0
configure:4820: result: yes
configure:4820: checking for stdint.h
configure:4820: g++ -c -g -O2  conftest.cpp >&5
configure:4820: $? = 0
configure:4820: result: yes
configure:4820: checking for unistd.h
configure:4820: g++ -c -g -O2  conftest.cpp >&5
configure:4820: $? = 0
configure:4820: result: yes
configure:4832: checking whether byte ordering is bigendian
configure:4847: g++ -c -g -O2  conftest.cpp >&5
conftest.cpp:22:9: error: expected unqualified-id before 'not' token
         not a universal capable compiler
         ^
configure:4847: $? = 1
configure: failed program was:
| /* confdefs.h */
| #define PACKAGE_NAME "DarkStarProject"
| #define PACKAGE_TARNAME "darkstarproject"
| #define PACKAGE_VERSION "6118326ba85983aba2dc1ade6e039a250e77ef05"
| #define PACKAGE_STRING "DarkStarProject 6118326ba85983aba2dc1ade6e039a250e77ef05"
| #define PACKAGE_BUGREPORT ""
| #define PACKAGE_URL ""
| #define PACKAGE "DarkStar"
| #define VERSION "git"
| #define STDC_HEADERS 1
| #define HAVE_SYS_TYPES_H 1
| #define HAVE_SYS_STAT_H 1
| #define HAVE_STDLIB_H 1
| #define HAVE_STRING_H 1
| #define HAVE_MEMORY_H 1
| #define HAVE_STRINGS_H 1
| #define HAVE_INTTYPES_H 1
| #define HAVE_STDINT_H 1
| #define HAVE_UNISTD_H 1
| /* end confdefs.h.  */
| #ifndef __APPLE_CC__
| 	       not a universal capable compiler
| 	     #endif
| 	     typedef int dummy;
| 
configure:4892: g++ -c -g -O2  conftest.cpp >&5
configure:4892: $? = 0
configure:4910: g++ -c -g -O2  conftest.cpp >&5
conftest.cpp: In function 'int main()':
conftest.cpp:28:8: error: 'big' was not declared in this scope
    not big endian
        ^
configure:4910: $? = 1
configure: failed program was:
| /* confdefs.h */
| #define PACKAGE_NAME "DarkStarProject"
| #define PACKAGE_TARNAME "darkstarproject"
| #define PACKAGE_VERSION "6118326ba85983aba2dc1ade6e039a250e77ef05"
| #define PACKAGE_STRING "DarkStarProject 6118326ba85983aba2dc1ade6e039a250e77ef05"
| #define PACKAGE_BUGREPORT ""
| #define PACKAGE_URL ""
| #define PACKAGE "DarkStar"
| #define VERSION "git"
| #define STDC_HEADERS 1
| #define HAVE_SYS_TYPES_H 1
| #define HAVE_SYS_STAT_H 1
| #define HAVE_STDLIB_H 1
| #define HAVE_STRING_H 1
| #define HAVE_MEMORY_H 1
| #define HAVE_STRINGS_H 1
| #define HAVE_INTTYPES_H 1
| #define HAVE_STDINT_H 1
| #define HAVE_UNISTD_H 1
| /* end confdefs.h.  */
| #include <sys/types.h>
| 		#include <sys/param.h>
| 
| int
| main ()
| {
| #if BYTE_ORDER != BIG_ENDIAN
| 		 not big endian
| 		#endif
| 
|   ;
|   return 0;
| }
configure:5038: result: no
configure:5112: checking for pkg-config
configure:5130: found /usr/bin/pkg-config
configure:5142: result: /usr/bin/pkg-config
configure:5167: checking pkg-config is at least version 0.9.0
configure:5170: result: yes
configure:5180: checking for LUA
configure:5187: $PKG_CONFIG --exists --print-errors "luajit"
configure:5190: $? = 0
configure:5204: $PKG_CONFIG --exists --print-errors "luajit"
configure:5207: $? = 0
configure:5425: result: yes
configure:5431: checking for ZMQ
configure:5438: $PKG_CONFIG --exists --print-errors "libzmq"
configure:5441: $? = 0
configure:5455: $PKG_CONFIG --exists --print-errors "libzmq"
configure:5458: $? = 0
configure:5516: result: yes
configure:5606: checking for mysql_config
configure:5624: found /usr/bin/mysql_config
configure:5636: result: /usr/bin/mysql_config
configure:5716: checking whether to enable assertions
configure:5734: result: yes
configure:5737: checking whether time.h and sys/time.h may both be included
configure:5757: g++ -c -g -O2  conftest.cpp >&5
configure:5757: $? = 0
configure:5764: result: yes
configure:5843: checking whether g++ supports -Wno-unused-parameter
configure:5851: g++ -c -g -O2  conftest.cpp >&5
configure:5851: $? = 0
configure:5852: result: yes
configure:5864: checking whether g++ supports -Wno-pointer-sign
configure:5872: g++ -c -g -O2  conftest.cpp >&5
configure:5872: $? = 0
configure:5873: result: yes
configure:5885: checking whether g++ supports -Wno-switch
configure:5893: g++ -c -g -O2  conftest.cpp >&5
configure:5893: $? = 0
configure:5894: result: yes
configure:5908: checking for setrlimit
configure:5908: g++ -o conftest -g -O2   conftest.cpp  >&5
configure:5908: $? = 0
configure:5908: result: yes
configure:5987: checking for sqrt in -lm
configure:6012: g++ -o conftest -g -O2   conftest.cpp -lm   >&5
configure:6012: $? = 0
configure:6021: result: yes
configure:6036: checking for clock_gettime in -lrt
configure:6061: g++ -o conftest -g -O2   conftest.cpp -lrt  -lm  >&5
configure:6061: $? = 0
configure:6070: result: yes
configure:6085: result: Building Linux targets
configure:6289: checking that generated files are newer than configure
configure:6295: result: done
configure:6343: creating ./config.status

## ---------------------- ##
## Running config.status. ##
## ---------------------- ##

This file was extended by DarkStarProject config.status 6118326ba85983aba2dc1ade6e039a250e77ef05, which was
generated by GNU Autoconf 2.69.  Invocation command line was

  CONFIG_FILES    = 
  CONFIG_HEADERS  = 
  CONFIG_LINKS    = 
  CONFIG_COMMANDS = 
  $ ./config.status 

on ffxi-trusts

config.status:898: creating Makefile
config.status:898: creating src/common/config.h
config.status:1127: executing depfiles commands

## ---------------- ##
## Cache variables. ##
## ---------------- ##

ac_cv_build=i686-pc-linux-gnu
ac_cv_c_bigendian=no
ac_cv_c_compiler_gnu=yes
ac_cv_cxx_compiler_gnu=yes
ac_cv_env_CCC_set=
ac_cv_env_CCC_value=
ac_cv_env_CC_set=
ac_cv_env_CC_value=
ac_cv_env_CFLAGS_set=
ac_cv_env_CFLAGS_value=
ac_cv_env_CPPFLAGS_set=
ac_cv_env_CPPFLAGS_value=
ac_cv_env_CXXCPP_set=
ac_cv_env_CXXCPP_value=
ac_cv_env_CXXFLAGS_set=
ac_cv_env_CXXFLAGS_value=
ac_cv_env_CXX_set=
ac_cv_env_CXX_value=
ac_cv_env_LDFLAGS_set=
ac_cv_env_LDFLAGS_value=
ac_cv_env_LIBS_set=
ac_cv_env_LIBS_value=
ac_cv_env_LUA_CFLAGS_set=
ac_cv_env_LUA_CFLAGS_value=
ac_cv_env_LUA_LIBS_set=
ac_cv_env_LUA_LIBS_value=
ac_cv_env_MYSQL_CONFIG_set=
ac_cv_env_MYSQL_CONFIG_value=
ac_cv_env_PKG_CONFIG_LIBDIR_set=
ac_cv_env_PKG_CONFIG_LIBDIR_value=
ac_cv_env_PKG_CONFIG_PATH_set=
ac_cv_env_PKG_CONFIG_PATH_value=
ac_cv_env_PKG_CONFIG_set=
ac_cv_env_PKG_CONFIG_value=
ac_cv_env_ZMQ_CFLAGS_set=
ac_cv_env_ZMQ_CFLAGS_value=
ac_cv_env_ZMQ_LIBS_set=
ac_cv_env_ZMQ_LIBS_value=
ac_cv_env_build_alias_set=
ac_cv_env_build_alias_value=
ac_cv_env_host_alias_set=
ac_cv_env_host_alias_value=
ac_cv_env_target_alias_set=
ac_cv_env_target_alias_value=
ac_cv_func_setrlimit=yes
ac_cv_header_inttypes_h=yes
ac_cv_header_memory_h=yes
ac_cv_header_stdc=yes
ac_cv_header_stdint_h=yes
ac_cv_header_stdlib_h=yes
ac_cv_header_string_h=yes
ac_cv_header_strings_h=yes
ac_cv_header_sys_stat_h=yes
ac_cv_header_sys_types_h=yes
ac_cv_header_time=yes
ac_cv_header_unistd_h=yes
ac_cv_host=i686-pc-linux-gnu
ac_cv_lib_m_sqrt=yes
ac_cv_lib_rt_clock_gettime=yes
ac_cv_objext=o
ac_cv_path_EGREP='/bin/grep -E'
ac_cv_path_GREP=/bin/grep
ac_cv_path_MYSQL_CONFIG=/usr/bin/mysql_config
ac_cv_path_ac_pt_PKG_CONFIG=/usr/bin/pkg-config
ac_cv_path_install='/usr/bin/install -c'
ac_cv_path_mkdir=/bin/mkdir
ac_cv_prog_AWK=gawk
ac_cv_prog_CXXCPP='g++ -E'
ac_cv_prog_ac_ct_CC=gcc
ac_cv_prog_ac_ct_CXX=g++
ac_cv_prog_cc_c89=
ac_cv_prog_cc_g=yes
ac_cv_prog_cxx_g=yes
ac_cv_prog_make_make_set=yes
ac_cv_target=i686-pc-linux-gnu
am_cv_CC_dependencies_compiler_type=gcc3
am_cv_CXX_dependencies_compiler_type=gcc3
am_cv_make_support_nested_variables=yes
am_cv_prog_cc_c_o=yes
pkg_cv_LUA_CFLAGS=-I/usr/include/luajit-2.0
pkg_cv_LUA_LIBS=-lluajit-5.1
pkg_cv_ZMQ_CFLAGS=
pkg_cv_ZMQ_LIBS=-lzmq

## ----------------- ##
## Output variables. ##
## ----------------- ##

ACLOCAL='${SHELL} /home/ffxi/darkstar/missing aclocal-1.15'
AMDEPBACKSLASH='\'
AMDEP_FALSE='#'
AMDEP_TRUE=''
AMTAR='$${TAR-tar}'
AM_BACKSLASH='\'
AM_DEFAULT_V='$(AM_DEFAULT_VERBOSITY)'
AM_DEFAULT_VERBOSITY='1'
AM_V='$(V)'
AUTOCONF='${SHELL} /home/ffxi/darkstar/missing autoconf'
AUTOHEADER='${SHELL} /home/ffxi/darkstar/missing autoheader'
AUTOMAKE='${SHELL} /home/ffxi/darkstar/missing automake-1.15'
AWK='gawk'
CC='gcc'
CCDEPMODE='depmode=gcc3'
CFLAGS='-g -O2'
CPPFLAGS=''
CXX='g++'
CXXCPP='g++ -E'
CXXDEPMODE='depmode=gcc3'
CXXFLAGS='-g -O2'
CYGPATH_W='echo'
DARKSTAR_ARCH_FREEBSD_FALSE=''
DARKSTAR_ARCH_FREEBSD_TRUE='#'
DARKSTAR_ARCH_LINUX_FALSE='#'
DARKSTAR_ARCH_LINUX_TRUE=''
DARKSTAR_ARCH_NETBSD_FALSE=''
DARKSTAR_ARCH_NETBSD_TRUE='#'
DARKSTAR_ARCH_SOLARIS_FALSE=''
DARKSTAR_ARCH_SOLARIS_TRUE='#'
DARKSTAR_ARCH_WIN32_FALSE=''
DARKSTAR_ARCH_WIN32_TRUE='#'
DEFS='-DHAVE_CONFIG_H'
DEPDIR='.deps'
DLLEXT=''
ECHO_C=''
ECHO_N='-n'
ECHO_T=''
EGREP='/bin/grep -E'
EXEEXT=''
GREP='/bin/grep'
INSTALL_DATA='${INSTALL} -m 644'
INSTALL_PROGRAM='${INSTALL}'
INSTALL_SCRIPT='${INSTALL}'
INSTALL_STRIP_PROGRAM='$(install_sh) -c -s'
LDFLAGS=''
LIBOBJS=''
LIBS='-lrt -lm '
LTLIBOBJS=''
LUA_CFLAGS='-I/usr/include/luajit-2.0'
LUA_LIBS='-lluajit-5.1'
MAKEINFO='${SHELL} /home/ffxi/darkstar/missing makeinfo'
MKDIR_P='/bin/mkdir -p'
MYSQL_CFLAGS='-I/usr/include/mysql '
MYSQL_CONFIG='/usr/bin/mysql_config'
MYSQL_LDFLAGS='-L/usr/lib/i386-linux-gnu -lmysqlclient -lpthread -lz -lm -lrt -ldl'
MYSQL_VERSION='5.7.20'
OBJEXT='o'
PACKAGE='DarkStar'
PACKAGE_BUGREPORT=''
PACKAGE_NAME='DarkStarProject'
PACKAGE_STRING='DarkStarProject 6118326ba85983aba2dc1ade6e039a250e77ef05'
PACKAGE_TARNAME='darkstarproject'
PACKAGE_URL=''
PACKAGE_VERSION='6118326ba85983aba2dc1ade6e039a250e77ef05'
PATH_SEPARATOR=':'
PKG_CONFIG='/usr/bin/pkg-config'
PKG_CONFIG_LIBDIR=''
PKG_CONFIG_PATH=''
SET_MAKE=''
SHELL='/bin/bash'
STRIP=''
VERSION='git'
ZMQ_CFLAGS=''
ZMQ_LIBS='-lzmq'
ac_ct_CC='gcc'
ac_ct_CXX='g++'
am__EXEEXT_FALSE=''
am__EXEEXT_TRUE='#'
am__fastdepCC_FALSE='#'
am__fastdepCC_TRUE=''
am__fastdepCXX_FALSE='#'
am__fastdepCXX_TRUE=''
am__include='include'
am__isrc=''
am__leading_dot='.'
am__nodep='_no'
am__quote=''
am__tar='$${TAR-tar} chof - "$$tardir"'
am__untar='$${TAR-tar} xf -'
bindir='${exec_prefix}/bin'
build='i686-pc-linux-gnu'
build_alias=''
build_cpu='i686'
build_os='linux-gnu'
build_vendor='pc'
datadir='${datarootdir}'
datarootdir='${prefix}/share'
docdir='${datarootdir}/doc/${PACKAGE_TARNAME}'
dvidir='${docdir}'
exec_prefix='${prefix}'
host='i686-pc-linux-gnu'
host_alias=''
host_cpu='i686'
host_os='linux-gnu'
host_vendor='pc'
htmldir='${docdir}'
includedir='${prefix}/include'
infodir='${datarootdir}/info'
install_sh='${SHELL} /home/ffxi/darkstar/install-sh'
libdir='${exec_prefix}/lib'
libexecdir='${exec_prefix}/libexec'
localedir='${datarootdir}/locale'
localstatedir='${prefix}/var'
mandir='${datarootdir}/man'
mkdir_p='$(MKDIR_P)'
oldincludedir='/usr/include'
pdfdir='${docdir}'
prefix='/usr/local'
program_transform_name='s,x,x,'
psdir='${docdir}'
runstatedir='${localstatedir}/run'
sbindir='${exec_prefix}/sbin'
sharedstatedir='${prefix}/com'
sysconfdir='${prefix}/etc'
target='i686-pc-linux-gnu'
target_alias=''
target_cpu='i686'
target_os='linux-gnu'
target_vendor='pc'

## ----------- ##
## confdefs.h. ##
## ----------- ##

/* confdefs.h */
#define PACKAGE_NAME "DarkStarProject"
#define PACKAGE_TARNAME "darkstarproject"
#define PACKAGE_VERSION "6118326ba85983aba2dc1ade6e039a250e77ef05"
#define PACKAGE_STRING "DarkStarProject 6118326ba85983aba2dc1ade6e039a250e77ef05"
#define PACKAGE_BUGREPORT ""
#define PACKAGE_URL ""
#define PACKAGE "DarkStar"
#define VERSION "git"
#define STDC_HEADERS 1
#define HAVE_SYS_TYPES_H 1
#define HAVE_SYS_STAT_H 1
#define HAVE_STDLIB_H 1
#define HAVE_STRING_H 1
#define HAVE_MEMORY_H 1
#define HAVE_STRINGS_H 1
#define HAVE_INTTYPES_H 1
#define HAVE_STDINT_H 1
#define HAVE_UNISTD_H 1
#define HAVE_MYSQL 1
#define TIME_WITH_SYS_TIME 1
#define HAVE_LIBM 1
#define HAVE_LIBRT 1
#define DARKSTAR_ARCH_LINUX 1

configure: exit 0
