========================================================

DSSearch-server

========================================================

AH task to return items older than 3 days is running
Sent 0 expired auction house items back to sellers
Sent 0 expired auction house items back to sellers
= = = = = = = 
Type: 5 Size: 268 
= = = = = = = 
Type: 5 Size: 268 
= = = = = = = 
Type: 5 Size: 268 
= = = = = = = 
Type: 5 Size: 268 
= = = = = = = 
Type: 5 Size: 268 
= = = = = = = 
Type: 5 Size: 268 
= = = = = = = 
Type: 5 Size: 268 
= = = = = = = 
Type: 5 Size: 268 
= = = = = = = 
Type: 5 Size: 268 
= = = = = = = 
Type: 5 Size: 268 
= = = = = = = 
Type: 5 Size: 268 
= = = = = = = 
Type: 6 Size: 268 
= = = = = = = 
Type: 5 Size: 268 
= = = = = = = 
Type: 5 Size: 268 
= = = = = = = 
Type: 5 Size: 268 
= = = = = = = 
Type: 5 Size: 268 
= = = = = = = 
Type: 5 Size: 268 
= = = = = = = 
Type: 5 Size: 268 
Sent 0 expired auction house items back to sellers
Sent 0 expired auction house items back to sellers
= = = = = = = 
Type: 5 Size: 268 
= = = = = = = 
Type: 5 Size: 268 
= = = = = = = 
Type: 5 Size: 268 
= = = = = = = 
Type: 5 Size: 268 
= = = = = = = 
Type: 6 Size: 268 
= = = = = = = 
Type: 5 Size: 268 
= = = = = = = 
Type: 5 Size: 268 
= = = = = = = 
Type: 5 Size: 268 
= = = = = = = 
Type: 5 Size: 268 
= = = = = = = 
Type: 5 Size: 268 
= = = = = = = 
Type: 5 Size: 268 
= = = = = = = 
Type: 5 Size: 268 
= = = = = = = 
Type: 5 Size: 268 
= = = = = = = 
Type: 5 Size: 268 
= = = = = = = 
Type: 5 Size: 268 
= = = = = = = 
Type: 5 Size: 268 
= = = = = = = 
Type: 5 Size: 268 
= = = = = = = 
Type: 5 Size: 268 
= = = = = = = 
Type: 5 Size: 268 
= = = = = = = 
Type: 5 Size: 268 
Sent 0 expired auction house items back to sellers
